<?xml version="1.0" encoding="UTF-8"?>
<coverage generated="1533818999019" clover="3.2.0">
  <project timestamp="1533818999019" name="All files">
    <metrics statements="61" coveredstatements="20" conditionals="8" coveredconditionals="2" methods="22" coveredmethods="7" elements="91" coveredelements="29" complexity="0" loc="61" ncloc="61" packages="7" files="15" classes="15">
      <package name="src">
        <metrics statements="3" coveredstatements="3" conditionals="0" coveredconditionals="0" methods="0" coveredmethods="0"/>
        <file name="setupTests.js" path="/Users/p3rzival/Coding/Brand/deckJS/src/setupTests.js">
          <metrics statements="3" coveredstatements="3" conditionals="0" coveredconditionals="0" methods="0" coveredmethods="0"/>
          <line num="1" count="5" type="stmt"/>
          <line num="2" count="5" type="stmt"/>
          <line num="5" count="5" type="stmt"/>
        </file>
      </package>
      <package name="src.components">
        <metrics statements="24" coveredstatements="17" conditionals="6" coveredconditionals="2" methods="13" coveredmethods="7"/>
        <file name="Cover.js" path="/Users/p3rzival/Coding/Brand/deckJS/src/components/Cover.js">
          <metrics statements="3" coveredstatements="3" conditionals="0" coveredconditionals="0" methods="1" coveredmethods="1"/>
          <line num="6" count="3" type="stmt"/>
          <line num="12" count="3" type="stmt"/>
          <line num="13" count="1" type="stmt"/>
        </file>
        <file name="Header.js" path="/Users/p3rzival/Coding/Brand/deckJS/src/components/Header.js">
          <metrics statements="9" coveredstatements="5" conditionals="0" coveredconditionals="0" methods="5" coveredmethods="1"/>
          <line num="13" count="4" type="stmt"/>
          <line num="24" count="4" type="stmt"/>
          <line num="25" count="0" type="stmt"/>
          <line num="30" count="4" type="stmt"/>
          <line num="31" count="0" type="stmt"/>
          <line num="32" count="0" type="stmt"/>
          <line num="33" count="0" type="stmt"/>
          <line num="42" count="4" type="stmt"/>
          <line num="43" count="1" type="stmt"/>
        </file>
        <file name="Slide.js" path="/Users/p3rzival/Coding/Brand/deckJS/src/components/Slide.js">
          <metrics statements="2" coveredstatements="2" conditionals="0" coveredconditionals="0" methods="1" coveredmethods="1"/>
          <line num="5" count="3" type="stmt"/>
          <line num="6" count="1" type="stmt"/>
        </file>
        <file name="SlideTitle.js" path="/Users/p3rzival/Coding/Brand/deckJS/src/components/SlideTitle.js">
          <metrics statements="2" coveredstatements="2" conditionals="0" coveredconditionals="0" methods="1" coveredmethods="1"/>
          <line num="4" count="4" type="stmt"/>
          <line num="5" count="1" type="stmt"/>
        </file>
        <file name="SuperSlide.js" path="/Users/p3rzival/Coding/Brand/deckJS/src/components/SuperSlide.js">
          <metrics statements="8" coveredstatements="5" conditionals="6" coveredconditionals="2" methods="5" coveredmethods="3"/>
          <line num="9" count="1" type="stmt"/>
          <line num="10" count="1" type="stmt"/>
          <line num="16" count="0" type="stmt"/>
          <line num="22" count="0" type="stmt"/>
          <line num="28" count="1" type="cond" truecount="1" falsecount="1"/>
          <line num="29" count="1" type="stmt"/>
          <line num="53" count="0" type="stmt"/>
          <line num="88" count="1" type="stmt"/>
        </file>
        <file name="index.js" path="/Users/p3rzival/Coding/Brand/deckJS/src/components/index.js">
          <metrics statements="0" coveredstatements="0" conditionals="0" coveredconditionals="0" methods="0" coveredmethods="0"/>
        </file>
      </package>
      <package name="src.data.content.Slide1">
        <metrics statements="3" coveredstatements="0" conditionals="0" coveredconditionals="0" methods="1" coveredmethods="0"/>
        <file name="Slide1.js" path="/Users/p3rzival/Coding/Brand/deckJS/src/data/content/Slide1/Slide1.js">
          <metrics statements="3" coveredstatements="0" conditionals="0" coveredconditionals="0" methods="1" coveredmethods="0"/>
          <line num="1" count="0" type="stmt"/>
          <line num="2" count="0" type="stmt"/>
          <line num="4" count="0" type="stmt"/>
        </file>
      </package>
      <package name="src.data.content.Slide2">
        <metrics statements="9" coveredstatements="0" conditionals="0" coveredconditionals="0" methods="2" coveredmethods="0"/>
        <file name="Slide2.js" path="/Users/p3rzival/Coding/Brand/deckJS/src/data/content/Slide2/Slide2.js">
          <metrics statements="3" coveredstatements="0" conditionals="0" coveredconditionals="0" methods="1" coveredmethods="0"/>
          <line num="1" count="0" type="stmt"/>
          <line num="2" count="0" type="stmt"/>
          <line num="4" count="0" type="stmt"/>
        </file>
        <file name="Slide2M.js" path="/Users/p3rzival/Coding/Brand/deckJS/src/data/content/Slide2/Slide2M.js">
          <metrics statements="4" coveredstatements="0" conditionals="0" coveredconditionals="0" methods="1" coveredmethods="0"/>
          <line num="1" count="0" type="stmt"/>
          <line num="2" count="0" type="stmt"/>
          <line num="3" count="0" type="stmt"/>
          <line num="5" count="0" type="stmt"/>
        </file>
        <file name="index.js" path="/Users/p3rzival/Coding/Brand/deckJS/src/data/content/Slide2/index.js">
          <metrics statements="2" coveredstatements="0" conditionals="0" coveredconditionals="0" methods="0" coveredmethods="0"/>
          <line num="1" count="0" type="stmt"/>
          <line num="2" count="0" type="stmt"/>
        </file>
      </package>
      <package name="src.data.content.Slide3">
        <metrics statements="3" coveredstatements="0" conditionals="0" coveredconditionals="0" methods="1" coveredmethods="0"/>
        <file name="Slide3.js" path="/Users/p3rzival/Coding/Brand/deckJS/src/data/content/Slide3/Slide3.js">
          <metrics statements="3" coveredstatements="0" conditionals="0" coveredconditionals="0" methods="1" coveredmethods="0"/>
          <line num="1" count="0" type="stmt"/>
          <line num="2" count="0" type="stmt"/>
          <line num="4" count="0" type="stmt"/>
        </file>
      </package>
      <package name="src.layouts">
        <metrics statements="8" coveredstatements="0" conditionals="0" coveredconditionals="0" methods="1" coveredmethods="0"/>
        <file name="index.js" path="/Users/p3rzival/Coding/Brand/deckJS/src/layouts/index.js">
          <metrics statements="8" coveredstatements="0" conditionals="0" coveredconditionals="0" methods="1" coveredmethods="0"/>
          <line num="1" count="0" type="stmt"/>
          <line num="2" count="0" type="stmt"/>
          <line num="3" count="0" type="stmt"/>
          <line num="4" count="0" type="stmt"/>
          <line num="5" count="0" type="stmt"/>
          <line num="6" count="0" type="stmt"/>
          <line num="8" count="0" type="stmt"/>
          <line num="24" count="0" type="stmt"/>
        </file>
      </package>
      <package name="src.pages">
        <metrics statements="11" coveredstatements="0" conditionals="2" coveredconditionals="0" methods="4" coveredmethods="0"/>
        <file name="404.js" path="/Users/p3rzival/Coding/Brand/deckJS/src/pages/404.js">
          <metrics statements="2" coveredstatements="0" conditionals="0" coveredconditionals="0" methods="1" coveredmethods="0"/>
          <line num="1" count="0" type="stmt"/>
          <line num="3" count="0" type="stmt"/>
        </file>
        <file name="index.js" path="/Users/p3rzival/Coding/Brand/deckJS/src/pages/index.js">
          <metrics statements="9" coveredstatements="0" conditionals="2" coveredconditionals="0" methods="3" coveredmethods="0"/>
          <line num="1" count="0" type="stmt"/>
          <line num="2" count="0" type="stmt"/>
          <line num="3" count="0" type="stmt"/>
          <line num="5" count="0" type="stmt"/>
          <line num="6" count="0" type="cond" truecount="0" falsecount="2"/>
          <line num="7" count="0" type="stmt"/>
          <line num="15" count="0" type="stmt"/>
          <line num="24" count="0" type="stmt"/>
          <line num="28" count="0" type="stmt"/>
        </file>
      </package>
    </metrics>
  </project>
</coverage>
