{"/Users/p3rzival/Coding/Brand/deckJS/src/setupTests.js": {"path":"/Users/p3rzival/Coding/Brand/deckJS/src/setupTests.js","statementMap":{"0":{"start":{"line":1,"column":15},"end":{"line":1,"column":32}},"1":{"start":{"line":2,"column":22},"end":{"line":2,"column":56}},"2":{"start":{"line":5,"column":0},"end":{"line":5,"column":51}}},"fnMap":{},"branchMap":{},"s":{"0":5,"1":5,"2":5},"f":{},"b":{},"_coverageSchema":"332fd63041d2c1bcb487cc26dd0d5f7d97098a6c","hash":"7a8d1c2e9cb570727720cd321c82a90c8d7cf019"}
,"/Users/p3rzival/Coding/Brand/deckJS/src/components/Cover.js": {"path":"/Users/p3rzival/Coding/Brand/deckJS/src/components/Cover.js","statementMap":{"0":{"start":{"line":6,"column":13},"end":{"line":10,"column":1}},"1":{"start":{"line":12,"column":14},"end":{"line":37,"column":1}},"2":{"start":{"line":13,"column":2},"end":{"line":36,"column":9}}},"fnMap":{"0":{"name":"(anonymous_0)","decl":{"start":{"line":12,"column":14},"end":{"line":12,"column":15}},"loc":{"start":{"line":13,"column":2},"end":{"line":36,"column":9}},"line":13}},"branchMap":{},"s":{"0":3,"1":3,"2":1},"f":{"0":1},"b":{},"_coverageSchema":"332fd63041d2c1bcb487cc26dd0d5f7d97098a6c","hash":"2949e1df7be69ca522ee588347711356900f5173"}
,"/Users/p3rzival/Coding/Brand/deckJS/src/components/Header.js": {"path":"/Users/p3rzival/Coding/Brand/deckJS/src/components/Header.js","statementMap":{"0":{"start":{"line":13,"column":17},"end":{"line":22,"column":1}},"1":{"start":{"line":24,"column":20},"end":{"line":28,"column":1}},"2":{"start":{"line":25,"column":2},"end":{"line":27,"column":15}},"3":{"start":{"line":30,"column":25},"end":{"line":40,"column":1}},"4":{"start":{"line":31,"column":2},"end":{"line":39,"column":8}},"5":{"start":{"line":32,"column":32},"end":{"line":32,"column":46}},"6":{"start":{"line":33,"column":6},"end":{"line":37,"column":7}},"7":{"start":{"line":42,"column":15},"end":{"line":56,"column":1}},"8":{"start":{"line":43,"column":2},"end":{"line":55,"column":14}}},"fnMap":{"0":{"name":"(anonymous_0)","decl":{"start":{"line":24,"column":20},"end":{"line":24,"column":21}},"loc":{"start":{"line":25,"column":2},"end":{"line":27,"column":15}},"line":25},"1":{"name":"(anonymous_1)","decl":{"start":{"line":30,"column":25},"end":{"line":30,"column":26}},"loc":{"start":{"line":31,"column":2},"end":{"line":39,"column":8}},"line":31},"2":{"name":"(anonymous_2)","decl":{"start":{"line":32,"column":24},"end":{"line":32,"column":25}},"loc":{"start":{"line":32,"column":32},"end":{"line":32,"column":46}},"line":32},"3":{"name":"(anonymous_3)","decl":{"start":{"line":32,"column":52},"end":{"line":32,"column":53}},"loc":{"start":{"line":32,"column":57},"end":{"line":38,"column":5}},"line":32},"4":{"name":"(anonymous_4)","decl":{"start":{"line":42,"column":15},"end":{"line":42,"column":16}},"loc":{"start":{"line":43,"column":2},"end":{"line":55,"column":14}},"line":43}},"branchMap":{},"s":{"0":4,"1":4,"2":0,"3":4,"4":0,"5":0,"6":0,"7":4,"8":1},"f":{"0":0,"1":0,"2":0,"3":0,"4":1},"b":{},"_coverageSchema":"332fd63041d2c1bcb487cc26dd0d5f7d97098a6c","hash":"77fdefc572444beb0d8b2b322736200b479176df"}
,"/Users/p3rzival/Coding/Brand/deckJS/src/components/Slide.js": {"path":"/Users/p3rzival/Coding/Brand/deckJS/src/components/Slide.js","statementMap":{"0":{"start":{"line":5,"column":14},"end":{"line":12,"column":1}},"1":{"start":{"line":6,"column":2},"end":{"line":11,"column":9}}},"fnMap":{"0":{"name":"(anonymous_0)","decl":{"start":{"line":5,"column":14},"end":{"line":5,"column":15}},"loc":{"start":{"line":6,"column":2},"end":{"line":11,"column":9}},"line":6}},"branchMap":{},"s":{"0":3,"1":1},"f":{"0":1},"b":{},"_coverageSchema":"332fd63041d2c1bcb487cc26dd0d5f7d97098a6c","hash":"28918a3c0292a448f8668c4cf7dcd8e8c1f12bfb"}
,"/Users/p3rzival/Coding/Brand/deckJS/src/components/SlideTitle.js": {"path":"/Users/p3rzival/Coding/Brand/deckJS/src/components/SlideTitle.js","statementMap":{"0":{"start":{"line":4,"column":19},"end":{"line":15,"column":1}},"1":{"start":{"line":5,"column":2},"end":{"line":14,"column":3}}},"fnMap":{"0":{"name":"(anonymous_0)","decl":{"start":{"line":4,"column":19},"end":{"line":4,"column":20}},"loc":{"start":{"line":4,"column":44},"end":{"line":15,"column":1}},"line":4}},"branchMap":{},"s":{"0":4,"1":1},"f":{"0":1},"b":{},"_coverageSchema":"332fd63041d2c1bcb487cc26dd0d5f7d97098a6c","hash":"842e78363a5c637b8f56a42dedbab2a116880ca4"}
,"/Users/p3rzival/Coding/Brand/deckJS/src/components/SuperSlide.js": {"path":"/Users/p3rzival/Coding/Brand/deckJS/src/components/SuperSlide.js","statementMap":{"0":{"start":{"line":9,"column":4},"end":{"line":9,"column":17}},"1":{"start":{"line":10,"column":4},"end":{"line":12,"column":6}},"2":{"start":{"line":16,"column":4},"end":{"line":18,"column":6}},"3":{"start":{"line":22,"column":4},"end":{"line":24,"column":6}},"4":{"start":{"line":28,"column":4},"end":{"line":84,"column":5}},"5":{"start":{"line":29,"column":6},"end":{"line":51,"column":7}},"6":{"start":{"line":53,"column":6},"end":{"line":83,"column":7}},"7":{"start":{"line":88,"column":4},"end":{"line":97,"column":5}}},"fnMap":{"0":{"name":"(anonymous_0)","decl":{"start":{"line":8,"column":2},"end":{"line":8,"column":3}},"loc":{"start":{"line":8,"column":21},"end":{"line":13,"column":3}},"line":8},"1":{"name":"(anonymous_1)","decl":{"start":{"line":15,"column":2},"end":{"line":15,"column":3}},"loc":{"start":{"line":15,"column":14},"end":{"line":19,"column":3}},"line":15},"2":{"name":"(anonymous_2)","decl":{"start":{"line":21,"column":2},"end":{"line":21,"column":3}},"loc":{"start":{"line":21,"column":14},"end":{"line":25,"column":3}},"line":21},"3":{"name":"(anonymous_3)","decl":{"start":{"line":27,"column":2},"end":{"line":27,"column":3}},"loc":{"start":{"line":27,"column":16},"end":{"line":85,"column":3}},"line":27},"4":{"name":"(anonymous_4)","decl":{"start":{"line":87,"column":2},"end":{"line":87,"column":3}},"loc":{"start":{"line":87,"column":11},"end":{"line":98,"column":3}},"line":87}},"branchMap":{"0":{"loc":{"start":{"line":28,"column":4},"end":{"line":84,"column":5}},"type":"if","locations":[{"start":{"line":28,"column":4},"end":{"line":84,"column":5}},{"start":{"line":28,"column":4},"end":{"line":84,"column":5}}],"line":28},"1":{"loc":{"start":{"line":38,"column":14},"end":{"line":47,"column":18}},"type":"cond-expr","locations":[{"start":{"line":39,"column":14},"end":{"line":39,"column":16}},{"start":{"line":40,"column":14},"end":{"line":47,"column":18}}],"line":38},"2":{"loc":{"start":{"line":70,"column":14},"end":{"line":79,"column":18}},"type":"cond-expr","locations":[{"start":{"line":71,"column":14},"end":{"line":71,"column":16}},{"start":{"line":72,"column":14},"end":{"line":79,"column":18}}],"line":70}},"s":{"0":1,"1":1,"2":0,"3":0,"4":1,"5":1,"6":0,"7":1},"f":{"0":1,"1":0,"2":0,"3":1,"4":1},"b":{"0":[1,0],"1":[0,1],"2":[0,0]},"_coverageSchema":"332fd63041d2c1bcb487cc26dd0d5f7d97098a6c","hash":"a1a6b209e908ffbfab75ebc33332d802cb522ba1"}
,"/Users/p3rzival/Coding/Brand/deckJS/src/components/index.js": {"path":"/Users/p3rzival/Coding/Brand/deckJS/src/components/index.js","statementMap":{},"fnMap":{},"branchMap":{},"s":{},"f":{},"b":{},"_coverageSchema":"332fd63041d2c1bcb487cc26dd0d5f7d97098a6c","hash":"c6bca9f811578f5eb24f70735bbdd19fba7d6202"}
,"/Users/p3rzival/Coding/Brand/deckJS/src/data/content/Slide1/Slide1.js": {"path":"/Users/p3rzival/Coding/Brand/deckJS/src/data/content/Slide1/Slide1.js","statementMap":{"0":{"start":{"line":1,"column":0},"end":{"line":null,"column":-1}},"1":{"start":{"line":2,"column":0},"end":{"line":null,"column":-1}},"2":{"start":{"line":4,"column":15},"end":{"line":4,"column":0}},"3":{"start":{"line":4,"column":15},"end":{"line":null,"column":-1}}},"fnMap":{"0":{"name":"Slide1","decl":{"start":{"line":4,"column":6},"end":{"line":4,"column":15}},"loc":{"start":{"line":4,"column":15},"end":{"line":4,"column":0}}}},"branchMap":{},"s":{"0":0,"1":0,"2":0,"3":0},"f":{"0":0},"b":{}}
,"/Users/p3rzival/Coding/Brand/deckJS/src/data/content/Slide2/Slide2.js": {"path":"/Users/p3rzival/Coding/Brand/deckJS/src/data/content/Slide2/Slide2.js","statementMap":{"0":{"start":{"line":1,"column":0},"end":{"line":null,"column":-1}},"1":{"start":{"line":2,"column":0},"end":{"line":null,"column":-1}},"2":{"start":{"line":4,"column":15},"end":{"line":4,"column":0}},"3":{"start":{"line":4,"column":15},"end":{"line":null,"column":-1}}},"fnMap":{"0":{"name":"Slide2","decl":{"start":{"line":4,"column":6},"end":{"line":4,"column":15}},"loc":{"start":{"line":4,"column":15},"end":{"line":4,"column":0}}}},"branchMap":{},"s":{"0":0,"1":0,"2":0,"3":0},"f":{"0":0},"b":{}}
,"/Users/p3rzival/Coding/Brand/deckJS/src/data/content/Slide2/Slide2M.js": {"path":"/Users/p3rzival/Coding/Brand/deckJS/src/data/content/Slide2/Slide2M.js","statementMap":{"0":{"start":{"line":1,"column":0},"end":{"line":null,"column":-1}},"1":{"start":{"line":2,"column":0},"end":{"line":null,"column":-1}},"2":{"start":{"line":3,"column":0},"end":{"line":null,"column":-1}},"3":{"start":{"line":5,"column":16},"end":{"line":5,"column":0}},"4":{"start":{"line":5,"column":16},"end":{"line":null,"column":-1}}},"fnMap":{"0":{"name":"Slide2M","decl":{"start":{"line":5,"column":6},"end":{"line":5,"column":16}},"loc":{"start":{"line":5,"column":16},"end":{"line":5,"column":0}}}},"branchMap":{},"s":{"0":0,"1":0,"2":0,"3":0,"4":0},"f":{"0":0},"b":{}}
,"/Users/p3rzival/Coding/Brand/deckJS/src/data/content/Slide2/index.js": {"path":"/Users/p3rzival/Coding/Brand/deckJS/src/data/content/Slide2/index.js","statementMap":{"0":{"start":{"line":1,"column":0},"end":{"line":null,"column":-1}},"1":{"start":{"line":2,"column":0},"end":{"line":null,"column":-1}}},"fnMap":{},"branchMap":{},"s":{"0":0,"1":0},"f":{},"b":{}}
,"/Users/p3rzival/Coding/Brand/deckJS/src/data/content/Slide3/Slide3.js": {"path":"/Users/p3rzival/Coding/Brand/deckJS/src/data/content/Slide3/Slide3.js","statementMap":{"0":{"start":{"line":1,"column":0},"end":{"line":null,"column":-1}},"1":{"start":{"line":2,"column":0},"end":{"line":null,"column":-1}},"2":{"start":{"line":4,"column":15},"end":{"line":4,"column":0}},"3":{"start":{"line":4,"column":15},"end":{"line":null,"column":-1}}},"fnMap":{"0":{"name":"Slide3","decl":{"start":{"line":4,"column":6},"end":{"line":4,"column":15}},"loc":{"start":{"line":4,"column":15},"end":{"line":4,"column":0}}}},"branchMap":{},"s":{"0":0,"1":0,"2":0,"3":0},"f":{"0":0},"b":{}}
,"/Users/p3rzival/Coding/Brand/deckJS/src/layouts/index.js": {"path":"/Users/p3rzival/Coding/Brand/deckJS/src/layouts/index.js","statementMap":{"0":{"start":{"line":1,"column":0},"end":{"line":null,"column":-1}},"1":{"start":{"line":2,"column":0},"end":{"line":null,"column":-1}},"2":{"start":{"line":3,"column":0},"end":{"line":null,"column":-1}},"3":{"start":{"line":4,"column":0},"end":{"line":null,"column":-1}},"4":{"start":{"line":5,"column":0},"end":{"line":null,"column":-1}},"5":{"start":{"line":6,"column":0},"end":{"line":null,"column":-1}},"6":{"start":{"line":8,"column":24},"end":{"line":8,"column":0}},"7":{"start":{"line":8,"column":24},"end":{"line":8,"column":23}},"8":{"start":{"line":8,"column":24},"end":{"line":null,"column":-1}},"9":{"start":{"line":24,"column":0},"end":{"line":null,"column":-1}}},"fnMap":{"0":{"name":"TemplateWrapper","decl":{"start":{"line":8,"column":6},"end":{"line":8,"column":24}},"loc":{"start":{"line":8,"column":24},"end":{"line":8,"column":0}}}},"branchMap":{},"s":{"0":0,"1":0,"2":0,"3":0,"4":0,"5":0,"6":0,"7":0,"8":0,"9":0},"f":{"0":0},"b":{}}
,"/Users/p3rzival/Coding/Brand/deckJS/src/pages/404.js": {"path":"/Users/p3rzival/Coding/Brand/deckJS/src/pages/404.js","statementMap":{"0":{"start":{"line":1,"column":0},"end":{"line":null,"column":-1}},"1":{"start":{"line":3,"column":21},"end":{"line":3,"column":0}},"2":{"start":{"line":3,"column":21},"end":{"line":null,"column":-1}}},"fnMap":{"0":{"name":"NotFoundPage","decl":{"start":{"line":3,"column":6},"end":{"line":3,"column":21}},"loc":{"start":{"line":3,"column":21},"end":{"line":3,"column":0}}}},"branchMap":{},"s":{"0":0,"1":0,"2":0},"f":{"0":0},"b":{}}
,"/Users/p3rzival/Coding/Brand/deckJS/src/pages/index.js": {"path":"/Users/p3rzival/Coding/Brand/deckJS/src/pages/index.js","statementMap":{"0":{"start":{"line":1,"column":0},"end":{"line":null,"column":-1}},"1":{"start":{"line":2,"column":0},"end":{"line":null,"column":-1}},"2":{"start":{"line":3,"column":0},"end":{"line":null,"column":-1}},"3":{"start":{"line":5,"column":21},"end":{"line":5,"column":0}},"4":{"start":{"line":6,"column":2},"end":{"line":21,"column":3}},"5":{"start":{"line":7,"column":4},"end":{"line":null,"column":-1}},"6":{"start":{"line":15,"column":4},"end":{"line":null,"column":-1}},"7":{"start":{"line":24,"column":18},"end":{"line":24,"column":0}},"8":{"start":{"line":24,"column":18},"end":{"line":null,"column":-1}},"9":{"start":{"line":28,"column":26},"end":{"line":null,"column":-1}}},"fnMap":{"0":{"name":"typeSelector","decl":{"start":{"line":5,"column":6},"end":{"line":5,"column":21}},"loc":{"start":{"line":5,"column":32},"end":{"line":5,"column":0}}},"1":{"name":"IndexPage","decl":{"start":{"line":24,"column":6},"end":{"line":24,"column":18}},"loc":{"start":{"line":24,"column":18},"end":{"line":24,"column":0}}},"2":{"name":"(anonymous_3)","decl":{"start":{"line":28,"column":16},"end":{"line":28,"column":24}},"loc":{"start":{"line":28,"column":25},"end":{"line":28,"column":6}}}},"branchMap":{"0":{"loc":{"start":{"line":6,"column":2},"end":{"line":21,"column":3}},"type":"if","locations":[{"start":{"line":6,"column":2},"end":{"line":21,"column":3}},{"start":{"line":6,"column":2},"end":{"line":21,"column":3}}]}},"s":{"0":0,"1":0,"2":0,"3":0,"4":0,"5":0,"6":0,"7":0,"8":0,"9":0},"f":{"0":0,"1":0,"2":0},"b":{"0":[0,0]}}
}
