TN:
SF:/Users/p3rzival/Coding/Brand/deckJS/src/setupTests.js
FNF:0
FNH:0
DA:1,5
DA:2,5
DA:5,5
LF:3
LH:3
BRF:0
BRH:0
end_of_record
TN:
SF:/Users/p3rzival/Coding/Brand/deckJS/src/components/Cover.js
FN:12,(anonymous_0)
FNF:1
FNH:1
FNDA:1,(anonymous_0)
DA:6,3
DA:12,3
DA:13,1
LF:3
LH:3
BRF:0
BRH:0
end_of_record
TN:
SF:/Users/p3rzival/Coding/Brand/deckJS/src/components/Header.js
FN:24,(anonymous_0)
FN:30,(anonymous_1)
FN:32,(anonymous_2)
FN:32,(anonymous_3)
FN:42,(anonymous_4)
FNF:5
FNH:1
FNDA:0,(anonymous_0)
FNDA:0,(anonymous_1)
FNDA:0,(anonymous_2)
FNDA:0,(anonymous_3)
FNDA:1,(anonymous_4)
DA:13,4
DA:24,4
DA:25,0
DA:30,4
DA:31,0
DA:32,0
DA:33,0
DA:42,4
DA:43,1
LF:9
LH:5
BRF:0
BRH:0
end_of_record
TN:
SF:/Users/p3rzival/Coding/Brand/deckJS/src/components/Slide.js
FN:5,(anonymous_0)
FNF:1
FNH:1
FNDA:1,(anonymous_0)
DA:5,3
DA:6,1
LF:2
LH:2
BRF:0
BRH:0
end_of_record
TN:
SF:/Users/p3rzival/Coding/Brand/deckJS/src/components/SlideTitle.js
FN:4,(anonymous_0)
FNF:1
FNH:1
FNDA:1,(anonymous_0)
DA:4,4
DA:5,1
LF:2
LH:2
BRF:0
BRH:0
end_of_record
TN:
SF:/Users/p3rzival/Coding/Brand/deckJS/src/components/SuperSlide.js
FN:8,(anonymous_0)
FN:15,(anonymous_1)
FN:21,(anonymous_2)
FN:27,(anonymous_3)
FN:87,(anonymous_4)
FNF:5
FNH:3
FNDA:1,(anonymous_0)
FNDA:0,(anonymous_1)
FNDA:0,(anonymous_2)
FNDA:1,(anonymous_3)
FNDA:1,(anonymous_4)
DA:9,1
DA:10,1
DA:16,0
DA:22,0
DA:28,1
DA:29,1
DA:53,0
DA:88,1
LF:8
LH:5
BRDA:28,0,0,1
BRDA:28,0,1,0
BRDA:38,1,0,0
BRDA:38,1,1,1
BRDA:70,2,0,0
BRDA:70,2,1,0
BRF:6
BRH:2
end_of_record
TN:
SF:/Users/p3rzival/Coding/Brand/deckJS/src/components/index.js
FNF:0
FNH:0
LF:0
LH:0
BRF:0
BRH:0
end_of_record
TN:
SF:/Users/p3rzival/Coding/Brand/deckJS/src/data/content/Slide1/Slide1.js
FN:4,Slide1
FNF:1
FNH:0
FNDA:0,Slide1
DA:1,0
DA:2,0
DA:4,0
LF:3
LH:0
BRF:0
BRH:0
end_of_record
TN:
SF:/Users/p3rzival/Coding/Brand/deckJS/src/data/content/Slide2/Slide2.js
FN:4,Slide2
FNF:1
FNH:0
FNDA:0,Slide2
DA:1,0
DA:2,0
DA:4,0
LF:3
LH:0
BRF:0
BRH:0
end_of_record
TN:
SF:/Users/p3rzival/Coding/Brand/deckJS/src/data/content/Slide2/Slide2M.js
FN:5,Slide2M
FNF:1
FNH:0
FNDA:0,Slide2M
DA:1,0
DA:2,0
DA:3,0
DA:5,0
LF:4
LH:0
BRF:0
BRH:0
end_of_record
TN:
SF:/Users/p3rzival/Coding/Brand/deckJS/src/data/content/Slide2/index.js
FNF:0
FNH:0
DA:1,0
DA:2,0
LF:2
LH:0
BRF:0
BRH:0
end_of_record
TN:
SF:/Users/p3rzival/Coding/Brand/deckJS/src/data/content/Slide3/Slide3.js
FN:4,Slide3
FNF:1
FNH:0
FNDA:0,Slide3
DA:1,0
DA:2,0
DA:4,0
LF:3
LH:0
BRF:0
BRH:0
end_of_record
TN:
SF:/Users/p3rzival/Coding/Brand/deckJS/src/layouts/index.js
FN:8,TemplateWrapper
FNF:1
FNH:0
FNDA:0,TemplateWrapper
DA:1,0
DA:2,0
DA:3,0
DA:4,0
DA:5,0
DA:6,0
DA:8,0
DA:24,0
LF:8
LH:0
BRF:0
BRH:0
end_of_record
TN:
SF:/Users/p3rzival/Coding/Brand/deckJS/src/pages/404.js
FN:3,NotFoundPage
FNF:1
FNH:0
FNDA:0,NotFoundPage
DA:1,0
DA:3,0
LF:2
LH:0
BRF:0
BRH:0
end_of_record
TN:
SF:/Users/p3rzival/Coding/Brand/deckJS/src/pages/index.js
FN:5,typeSelector
FN:24,IndexPage
FN:28,(anonymous_3)
FNF:3
FNH:0
FNDA:0,typeSelector
FNDA:0,IndexPage
FNDA:0,(anonymous_3)
DA:1,0
DA:2,0
DA:3,0
DA:5,0
DA:6,0
DA:7,0
DA:15,0
DA:24,0
DA:28,0
LF:9
LH:0
BRDA:6,0,0,0
BRDA:6,0,1,0
BRF:2
BRH:0
end_of_record
